<?xml version="1.0" encoding="UTF-8"?>
<testng-results skipped="0" failed="0" ignored="0" total="1" passed="1">
  <reporter-output>
  </reporter-output>
  <suite name="RYNLY Application Test Automation Test Suite" duration-ms="24638" started-at="2020-06-24T04:06:33Z" finished-at="2020-06-24T04:06:58Z">
    <groups>
    </groups>
    <test name="Rynly Test Cases" duration-ms="24638" started-at="2020-06-24T04:06:33Z" finished-at="2020-06-24T04:06:58Z">
      <class name="com.rynly.qa.testcases.LoginPageTest">
        <test-method status="PASS" signature="setUp()[pri:0, instance:com.rynly.qa.testcases.LoginPageTest@180bc464]" name="setUp" is-config="true" duration-ms="22639" started-at="2020-06-24T04:06:33Z" finished-at="2020-06-24T04:06:56Z">
          <reporter-output>
          </reporter-output>
        </test-method> <!-- setUp -->
        <test-method status="PASS" signature="loginTest()[pri:0, instance:com.rynly.qa.testcases.LoginPageTest@180bc464]" name="loginTest" duration-ms="701" started-at="2020-06-24T04:06:56Z" finished-at="2020-06-24T04:06:57Z">
          <reporter-output>
          </reporter-output>
        </test-method> <!-- loginTest -->
        <test-method status="PASS" signature="tearDown()[pri:0, instance:com.rynly.qa.testcases.LoginPageTest@180bc464]" name="tearDown" is-config="true" duration-ms="1260" started-at="2020-06-24T04:06:57Z" finished-at="2020-06-24T04:06:58Z">
          <reporter-output>
          </reporter-output>
        </test-method> <!-- tearDown -->
      </class> <!-- com.rynly.qa.testcases.LoginPageTest -->
    </test> <!-- Rynly Test Cases -->
  </suite> <!-- RYNLY Application Test Automation Test Suite -->
</testng-results>
