<?xml version="1.0" encoding="UTF-8"?>
<testng-results skipped="0" failed="0" ignored="0" total="1" passed="1">
  <reporter-output>
  </reporter-output>
  <suite name="Default suite" duration-ms="40255" started-at="2020-01-19T06:38:37Z" finished-at="2020-01-19T06:39:17Z">
    <groups>
    </groups>
    <test name="Default test" duration-ms="40255" started-at="2020-01-19T06:38:37Z" finished-at="2020-01-19T06:39:17Z">
      <class name="com.rynly.qa.testcases.BillingPageTest">
        <test-method status="PASS" signature="setUp()[pri:0, instance:com.rynly.qa.testcases.BillingPageTest@31ef45e3]" name="setUp" is-config="true" duration-ms="35130" started-at="2020-01-19T06:38:38Z" finished-at="2020-01-19T06:39:13Z">
          <reporter-output>
          </reporter-output>
        </test-method> <!-- setUp -->
        <test-method status="PASS" signature="newBillingPageClick(java.lang.String, java.lang.String, java.lang.String, java.lang.String, java.lang.String, java.lang.String, java.lang.String)[pri:2, instance:com.rynly.qa.testcases.BillingPageTest@31ef45e3]" name="newBillingPageClick" duration-ms="3946" started-at="2020-01-19T06:39:13Z" data-provider="getRynlyTestData" finished-at="2020-01-19T06:39:17Z">
          <params>
            <param index="0">
              <value>
                <![CDATA[4242424242424240]]>
              </value>
            </param>
            <param index="1">
              <value>
                <![CDATA[1]]>
              </value>
            </param>
            <param index="2">
              <value>
                <![CDATA[2020]]>
              </value>
            </param>
            <param index="3">
              <value>
                <![CDATA[1234]]>
              </value>
            </param>
            <param index="4">
              <value>
                <![CDATA[ravi]]>
              </value>
            </param>
            <param index="5">
              <value>
                <![CDATA[25050se 11th ave]]>
              </value>
            </param>
            <param index="6">
              <value>
                <![CDATA[97202]]>
              </value>
            </param>
          </params>
          <reporter-output>
          </reporter-output>
        </test-method> <!-- newBillingPageClick -->
      </class> <!-- com.rynly.qa.testcases.BillingPageTest -->
    </test> <!-- Default test -->
  </suite> <!-- Default suite -->
</testng-results>
